<?xml version="1.0" encoding="UTF-8"?>
<testng-results ignored="0" total="1" passed="1" failed="0" skipped="0">
  <reporter-output>
  </reporter-output>
  <suite started-at="2025-04-29T19:17:17 IST" name="Default suite" finished-at="2025-04-29T19:17:24 IST" duration-ms="6865">
    <groups>
    </groups>
    <test started-at="2025-04-29T19:17:17 IST" name="Default test" finished-at="2025-04-29T19:17:24 IST" duration-ms="6865">
      <class name="JavaPractice.mouseActions">
        <test-method signature="mouseActions()[pri:0, instance:JavaPractice.mouseActions@14cd1699]" started-at="2025-04-29T19:17:17 IST" name="mouseActions" finished-at="2025-04-29T19:17:24 IST" duration-ms="6811" status="PASS">
          <reporter-output>
          </reporter-output>
        </test-method> <!-- mouseActions -->
      </class> <!-- JavaPractice.mouseActions -->
    </test> <!-- Default test -->
  </suite> <!-- Default suite -->
</testng-results>
